2025-04-10 11:02:32,466 INFO    MainThread:108333 [wandb_setup.py:_flush():67] Current SDK version is 0.19.7
2025-04-10 11:02:32,468 INFO    MainThread:108333 [wandb_setup.py:_flush():67] Configure stats pid to 108333
2025-04-10 11:02:32,468 INFO    MainThread:108333 [wandb_setup.py:_flush():67] Loading settings from /mnt/petrelfs/majiachen/.config/wandb/settings
2025-04-10 11:02:32,468 INFO    MainThread:108333 [wandb_setup.py:_flush():67] Loading settings from /mnt/petrelfs/majiachen/project/mllm-safety-cot/wandb/settings
2025-04-10 11:02:32,469 INFO    MainThread:108333 [wandb_setup.py:_flush():67] Loading settings from environment variables
2025-04-10 11:02:32,469 INFO    MainThread:108333 [wandb_init.py:setup_run_log_directory():647] Logging user logs to /mnt/petrelfs/majiachen/project/mllm-safety-cot/wandb/run-20250410_110232-5kya6tuk/logs/debug.log
2025-04-10 11:02:32,470 INFO    MainThread:108333 [wandb_init.py:setup_run_log_directory():648] Logging internal logs to /mnt/petrelfs/majiachen/project/mllm-safety-cot/wandb/run-20250410_110232-5kya6tuk/logs/debug-internal.log
2025-04-10 11:02:32,470 INFO    MainThread:108333 [wandb_init.py:init():761] calling init triggers
2025-04-10 11:02:32,471 INFO    MainThread:108333 [wandb_init.py:init():766] wandb.init called with sweep_config: {}
config: {'_wandb': {}}
2025-04-10 11:02:32,471 INFO    MainThread:108333 [wandb_init.py:init():784] starting backend
2025-04-10 11:02:32,471 INFO    MainThread:108333 [wandb_init.py:init():788] sending inform_init request
2025-04-10 11:02:32,480 INFO    MainThread:108333 [backend.py:_multiprocessing_setup():97] multiprocessing start_methods=fork,spawn,forkserver, using: spawn
2025-04-10 11:02:32,480 INFO    MainThread:108333 [wandb_init.py:init():803] backend started and connected
2025-04-10 11:02:32,483 INFO    MainThread:108333 [wandb_init.py:init():896] updated telemetry
2025-04-10 11:02:32,513 INFO    MainThread:108333 [wandb_init.py:init():920] communicating run to backend with 90.0 second timeout
2025-04-10 11:03:13,500 INFO    Thread-4 (wrapped_target):108333 [retry.py:__call__():175] Retry attempt failed:
Traceback (most recent call last):
  File "/mnt/petrelfs/majiachen/miniconda3/envs/v-oocr/lib/python3.10/site-packages/urllib3/connection.py", line 198, in _new_conn
    sock = connection.create_connection(
  File "/mnt/petrelfs/majiachen/miniconda3/envs/v-oocr/lib/python3.10/site-packages/urllib3/util/connection.py", line 85, in create_connection
    raise err
  File "/mnt/petrelfs/majiachen/miniconda3/envs/v-oocr/lib/python3.10/site-packages/urllib3/util/connection.py", line 73, in create_connection
    sock.connect(sa)
TimeoutError: timed out

The above exception was the direct cause of the following exception:

Traceback (most recent call last):
  File "/mnt/petrelfs/majiachen/miniconda3/envs/v-oocr/lib/python3.10/site-packages/urllib3/connectionpool.py", line 787, in urlopen
    response = self._make_request(
  File "/mnt/petrelfs/majiachen/miniconda3/envs/v-oocr/lib/python3.10/site-packages/urllib3/connectionpool.py", line 488, in _make_request
    raise new_e
  File "/mnt/petrelfs/majiachen/miniconda3/envs/v-oocr/lib/python3.10/site-packages/urllib3/connectionpool.py", line 464, in _make_request
    self._validate_conn(conn)
  File "/mnt/petrelfs/majiachen/miniconda3/envs/v-oocr/lib/python3.10/site-packages/urllib3/connectionpool.py", line 1093, in _validate_conn
    conn.connect()
  File "/mnt/petrelfs/majiachen/miniconda3/envs/v-oocr/lib/python3.10/site-packages/urllib3/connection.py", line 704, in connect
    self.sock = sock = self._new_conn()
  File "/mnt/petrelfs/majiachen/miniconda3/envs/v-oocr/lib/python3.10/site-packages/urllib3/connection.py", line 207, in _new_conn
    raise ConnectTimeoutError(
urllib3.exceptions.ConnectTimeoutError: (<urllib3.connection.HTTPSConnection object at 0x7f98a5f3e770>, 'Connection to api.wandb.ai timed out. (connect timeout=20)')

The above exception was the direct cause of the following exception:

Traceback (most recent call last):
  File "/mnt/petrelfs/majiachen/miniconda3/envs/v-oocr/lib/python3.10/site-packages/requests/adapters.py", line 667, in send
    resp = conn.urlopen(
  File "/mnt/petrelfs/majiachen/miniconda3/envs/v-oocr/lib/python3.10/site-packages/urllib3/connectionpool.py", line 841, in urlopen
    retries = retries.increment(
  File "/mnt/petrelfs/majiachen/miniconda3/envs/v-oocr/lib/python3.10/site-packages/urllib3/util/retry.py", line 519, in increment
    raise MaxRetryError(_pool, url, reason) from reason  # type: ignore[arg-type]
urllib3.exceptions.MaxRetryError: HTTPSConnectionPool(host='api.wandb.ai', port=443): Max retries exceeded with url: /graphql (Caused by ConnectTimeoutError(<urllib3.connection.HTTPSConnection object at 0x7f98a5f3e770>, 'Connection to api.wandb.ai timed out. (connect timeout=20)'))

During handling of the above exception, another exception occurred:

Traceback (most recent call last):
  File "/mnt/petrelfs/majiachen/miniconda3/envs/v-oocr/lib/python3.10/site-packages/wandb/sdk/lib/retry.py", line 134, in __call__
    result = self._call_fn(*args, **kwargs)
  File "/mnt/petrelfs/majiachen/miniconda3/envs/v-oocr/lib/python3.10/site-packages/wandb/sdk/internal/internal_api.py", line 398, in execute
    return self.client.execute(*args, **kwargs)  # type: ignore
  File "/mnt/petrelfs/majiachen/miniconda3/envs/v-oocr/lib/python3.10/site-packages/wandb/vendor/gql-0.2.0/wandb_gql/client.py", line 52, in execute
    result = self._get_result(document, *args, **kwargs)
  File "/mnt/petrelfs/majiachen/miniconda3/envs/v-oocr/lib/python3.10/site-packages/wandb/vendor/gql-0.2.0/wandb_gql/client.py", line 60, in _get_result
    return self.transport.execute(document, *args, **kwargs)
  File "/mnt/petrelfs/majiachen/miniconda3/envs/v-oocr/lib/python3.10/site-packages/wandb/sdk/lib/gql_request.py", line 58, in execute
    request = self.session.post(self.url, **post_args)
  File "/mnt/petrelfs/majiachen/miniconda3/envs/v-oocr/lib/python3.10/site-packages/requests/sessions.py", line 637, in post
    return self.request("POST", url, data=data, json=json, **kwargs)
  File "/mnt/petrelfs/majiachen/miniconda3/envs/v-oocr/lib/python3.10/site-packages/requests/sessions.py", line 589, in request
    resp = self.send(prep, **send_kwargs)
  File "/mnt/petrelfs/majiachen/miniconda3/envs/v-oocr/lib/python3.10/site-packages/requests/sessions.py", line 703, in send
    r = adapter.send(request, **kwargs)
  File "/mnt/petrelfs/majiachen/miniconda3/envs/v-oocr/lib/python3.10/site-packages/requests/adapters.py", line 688, in send
    raise ConnectTimeout(e, request=request)
requests.exceptions.ConnectTimeout: HTTPSConnectionPool(host='api.wandb.ai', port=443): Max retries exceeded with url: /graphql (Caused by ConnectTimeoutError(<urllib3.connection.HTTPSConnection object at 0x7f98a5f3e770>, 'Connection to api.wandb.ai timed out. (connect timeout=20)'))
2025-04-10 11:03:13,653 INFO    Thread-3 (wrapped_target):108333 [retry.py:__call__():175] Retry attempt failed:
Traceback (most recent call last):
  File "/mnt/petrelfs/majiachen/miniconda3/envs/v-oocr/lib/python3.10/site-packages/urllib3/connection.py", line 198, in _new_conn
    sock = connection.create_connection(
  File "/mnt/petrelfs/majiachen/miniconda3/envs/v-oocr/lib/python3.10/site-packages/urllib3/util/connection.py", line 85, in create_connection
    raise err
  File "/mnt/petrelfs/majiachen/miniconda3/envs/v-oocr/lib/python3.10/site-packages/urllib3/util/connection.py", line 73, in create_connection
    sock.connect(sa)
TimeoutError: timed out

The above exception was the direct cause of the following exception:

Traceback (most recent call last):
  File "/mnt/petrelfs/majiachen/miniconda3/envs/v-oocr/lib/python3.10/site-packages/urllib3/connectionpool.py", line 787, in urlopen
    response = self._make_request(
  File "/mnt/petrelfs/majiachen/miniconda3/envs/v-oocr/lib/python3.10/site-packages/urllib3/connectionpool.py", line 488, in _make_request
    raise new_e
  File "/mnt/petrelfs/majiachen/miniconda3/envs/v-oocr/lib/python3.10/site-packages/urllib3/connectionpool.py", line 464, in _make_request
    self._validate_conn(conn)
  File "/mnt/petrelfs/majiachen/miniconda3/envs/v-oocr/lib/python3.10/site-packages/urllib3/connectionpool.py", line 1093, in _validate_conn
    conn.connect()
  File "/mnt/petrelfs/majiachen/miniconda3/envs/v-oocr/lib/python3.10/site-packages/urllib3/connection.py", line 704, in connect
    self.sock = sock = self._new_conn()
  File "/mnt/petrelfs/majiachen/miniconda3/envs/v-oocr/lib/python3.10/site-packages/urllib3/connection.py", line 207, in _new_conn
    raise ConnectTimeoutError(
urllib3.exceptions.ConnectTimeoutError: (<urllib3.connection.HTTPSConnection object at 0x7f98a5f3e410>, 'Connection to api.wandb.ai timed out. (connect timeout=20)')

The above exception was the direct cause of the following exception:

Traceback (most recent call last):
  File "/mnt/petrelfs/majiachen/miniconda3/envs/v-oocr/lib/python3.10/site-packages/requests/adapters.py", line 667, in send
    resp = conn.urlopen(
  File "/mnt/petrelfs/majiachen/miniconda3/envs/v-oocr/lib/python3.10/site-packages/urllib3/connectionpool.py", line 841, in urlopen
    retries = retries.increment(
  File "/mnt/petrelfs/majiachen/miniconda3/envs/v-oocr/lib/python3.10/site-packages/urllib3/util/retry.py", line 519, in increment
    raise MaxRetryError(_pool, url, reason) from reason  # type: ignore[arg-type]
urllib3.exceptions.MaxRetryError: HTTPSConnectionPool(host='api.wandb.ai', port=443): Max retries exceeded with url: /graphql (Caused by ConnectTimeoutError(<urllib3.connection.HTTPSConnection object at 0x7f98a5f3e410>, 'Connection to api.wandb.ai timed out. (connect timeout=20)'))

During handling of the above exception, another exception occurred:

Traceback (most recent call last):
  File "/mnt/petrelfs/majiachen/miniconda3/envs/v-oocr/lib/python3.10/site-packages/wandb/sdk/lib/retry.py", line 134, in __call__
    result = self._call_fn(*args, **kwargs)
  File "/mnt/petrelfs/majiachen/miniconda3/envs/v-oocr/lib/python3.10/site-packages/wandb/sdk/internal/internal_api.py", line 398, in execute
    return self.client.execute(*args, **kwargs)  # type: ignore
  File "/mnt/petrelfs/majiachen/miniconda3/envs/v-oocr/lib/python3.10/site-packages/wandb/vendor/gql-0.2.0/wandb_gql/client.py", line 52, in execute
    result = self._get_result(document, *args, **kwargs)
  File "/mnt/petrelfs/majiachen/miniconda3/envs/v-oocr/lib/python3.10/site-packages/wandb/vendor/gql-0.2.0/wandb_gql/client.py", line 60, in _get_result
    return self.transport.execute(document, *args, **kwargs)
  File "/mnt/petrelfs/majiachen/miniconda3/envs/v-oocr/lib/python3.10/site-packages/wandb/sdk/lib/gql_request.py", line 58, in execute
    request = self.session.post(self.url, **post_args)
  File "/mnt/petrelfs/majiachen/miniconda3/envs/v-oocr/lib/python3.10/site-packages/requests/sessions.py", line 637, in post
    return self.request("POST", url, data=data, json=json, **kwargs)
  File "/mnt/petrelfs/majiachen/miniconda3/envs/v-oocr/lib/python3.10/site-packages/requests/sessions.py", line 589, in request
    resp = self.send(prep, **send_kwargs)
  File "/mnt/petrelfs/majiachen/miniconda3/envs/v-oocr/lib/python3.10/site-packages/requests/sessions.py", line 703, in send
    r = adapter.send(request, **kwargs)
  File "/mnt/petrelfs/majiachen/miniconda3/envs/v-oocr/lib/python3.10/site-packages/requests/adapters.py", line 688, in send
    raise ConnectTimeout(e, request=request)
requests.exceptions.ConnectTimeout: HTTPSConnectionPool(host='api.wandb.ai', port=443): Max retries exceeded with url: /graphql (Caused by ConnectTimeoutError(<urllib3.connection.HTTPSConnection object at 0x7f98a5f3e410>, 'Connection to api.wandb.ai timed out. (connect timeout=20)'))
2025-04-10 11:04:19,836 ERROR   MainThread:108333 [wandb_init.py:init():1481] error in wandb.init()
Traceback (most recent call last):
  File "/mnt/petrelfs/majiachen/miniconda3/envs/v-oocr/lib/python3.10/site-packages/wandb/sdk/wandb_init.py", line 1471, in init
    return wi.init(run_settings, run_config)
  File "/mnt/petrelfs/majiachen/miniconda3/envs/v-oocr/lib/python3.10/site-packages/wandb/sdk/wandb_init.py", line 946, in init
    result = wait_with_progress(
  File "/mnt/petrelfs/majiachen/miniconda3/envs/v-oocr/lib/python3.10/site-packages/wandb/sdk/mailbox/wait_with_progress.py", line 23, in wait_with_progress
    return wait_all_with_progress(
  File "/mnt/petrelfs/majiachen/miniconda3/envs/v-oocr/lib/python3.10/site-packages/wandb/sdk/mailbox/wait_with_progress.py", line 86, in wait_all_with_progress
    return asyncio_compat.run(progress_loop_with_timeout)
  File "/mnt/petrelfs/majiachen/miniconda3/envs/v-oocr/lib/python3.10/site-packages/wandb/sdk/lib/asyncio_compat.py", line 30, in run
    return future.result()
  File "/mnt/petrelfs/majiachen/miniconda3/envs/v-oocr/lib/python3.10/concurrent/futures/_base.py", line 453, in result
    self._condition.wait(timeout)
  File "/mnt/petrelfs/majiachen/miniconda3/envs/v-oocr/lib/python3.10/threading.py", line 321, in wait
    gotit = True
  File "/mnt/petrelfs/majiachen/miniconda3/envs/v-oocr/lib/python3.10/threading.py", line 321, in wait
    gotit = True
  File "/mnt/petrelfs/majiachen/miniconda3/envs/v-oocr/lib/python3.10/bdb.py", line 90, in trace_dispatch
    return self.dispatch_line(frame)
  File "/mnt/petrelfs/majiachen/miniconda3/envs/v-oocr/lib/python3.10/bdb.py", line 114, in dispatch_line
    self.user_line(frame)
  File "/mnt/petrelfs/majiachen/miniconda3/envs/v-oocr/lib/python3.10/pdb.py", line 253, in user_line
    self.interaction(frame, None)
  File "/mnt/petrelfs/majiachen/miniconda3/envs/v-oocr/lib/python3.10/pdb.py", line 348, in interaction
    self._cmdloop()
  File "/mnt/petrelfs/majiachen/miniconda3/envs/v-oocr/lib/python3.10/pdb.py", line 313, in _cmdloop
    self.cmdloop()
  File "/mnt/petrelfs/majiachen/miniconda3/envs/v-oocr/lib/python3.10/cmd.py", line 138, in cmdloop
    stop = self.onecmd(line)
  File "/mnt/petrelfs/majiachen/miniconda3/envs/v-oocr/lib/python3.10/pdb.py", line 413, in onecmd
    return cmd.Cmd.onecmd(self, line)
  File "/mnt/petrelfs/majiachen/miniconda3/envs/v-oocr/lib/python3.10/cmd.py", line 217, in onecmd
    return func(arg)
  File "/mnt/petrelfs/majiachen/miniconda3/envs/v-oocr/lib/python3.10/pdb.py", line 1123, in do_EOF
    self.message('')
  File "/mnt/petrelfs/majiachen/miniconda3/envs/v-oocr/lib/python3.10/pdb.py", line 448, in message
    print(msg, file=self.stdout)
BrokenPipeError: [Errno 32] Broken pipe
2025-04-10 11:04:19,882 WARNING MsgRouterThr:108333 [router.py:message_loop():77] message_loop has been closed
Traceback (most recent call last):
  File "/mnt/petrelfs/majiachen/miniconda3/envs/v-oocr/lib/python3.10/site-packages/wandb/sdk/interface/router_sock.py", line 28, in _read_message
    resp = self._sock_client.read_server_response(timeout=1)
  File "/mnt/petrelfs/majiachen/miniconda3/envs/v-oocr/lib/python3.10/site-packages/wandb/sdk/lib/sock_client.py", line 285, in read_server_response
    data = self._read_packet_bytes(timeout=timeout)
  File "/mnt/petrelfs/majiachen/miniconda3/envs/v-oocr/lib/python3.10/site-packages/wandb/sdk/lib/sock_client.py", line 270, in _read_packet_bytes
    raise SockClientClosedError
wandb.sdk.lib.sock_client.SockClientClosedError

The above exception was the direct cause of the following exception:

Traceback (most recent call last):
  File "/mnt/petrelfs/majiachen/miniconda3/envs/v-oocr/lib/python3.10/site-packages/wandb/sdk/interface/router.py", line 70, in message_loop
    msg = self._read_message()
  File "/mnt/petrelfs/majiachen/miniconda3/envs/v-oocr/lib/python3.10/site-packages/wandb/sdk/interface/router_sock.py", line 30, in _read_message
    raise MessageRouterClosedError from e
wandb.sdk.interface.router.MessageRouterClosedError
2025-04-10 11:04:19,886 INFO    MsgRouterThr:108333 [mailbox.py:close():115] Closing mailbox, abandoning 1 handles.
