                                                    
{'loss': 1.7136, 'grad_norm': 5.878026485443115, 'learning_rate': 1.992414664981037e-05, 'mean_token_accuracy': 0.5971303701400756, 'epoch': 0.01}
{'loss': 1.1701, 'grad_norm': 3.836582660675049, 'learning_rate': 1.9839865149599663e-05, 'mean_token_accuracy': 0.6252561748027802, 'epoch': 0.03}
{'loss': 1.0823, 'grad_norm': 2.701749801635742, 'learning_rate': 1.975558364938896e-05, 'mean_token_accuracy': 0.6432697713375092, 'epoch': 0.04}
{'loss': 1.1585, 'grad_norm': 3.0094127655029297, 'learning_rate': 1.9671302149178258e-05, 'mean_token_accuracy': 0.6418327212333679, 'epoch': 0.05}
{'loss': 0.9742, 'grad_norm': 3.6510908603668213, 'learning_rate': 1.9587020648967552e-05, 'mean_token_accuracy': 0.6635674476623535, 'epoch': 0.06}
{'loss': 1.0753, 'grad_norm': 3.4462034702301025, 'learning_rate': 1.950273914875685e-05, 'mean_token_accuracy': 0.6562043309211731, 'epoch': 0.08}
{'loss': 0.9474, 'grad_norm': 2.794630527496338, 'learning_rate': 1.9418457648546144e-05, 'mean_token_accuracy': 0.6683223247528076, 'epoch': 0.09}
{'loss': 0.9026, 'grad_norm': 2.519517183303833, 'learning_rate': 1.9334176148335442e-05, 'mean_token_accuracy': 0.6635154724121094, 'epoch': 0.1}
{'loss': 0.9597, 'grad_norm': 3.3320162296295166, 'learning_rate': 1.924989464812474e-05, 'mean_token_accuracy': 0.6543767154216766, 'epoch': 0.11}
{'loss': 0.974, 'grad_norm': 2.8097920417785645, 'learning_rate': 1.9165613147914034e-05, 'mean_token_accuracy': 0.6626527905464172, 'epoch': 0.13}
{'loss': 0.9195, 'grad_norm': 2.950723648071289, 'learning_rate': 1.908133164770333e-05, 'mean_token_accuracy': 0.6607816338539123, 'epoch': 0.14}
{'loss': 0.9216, 'grad_norm': 3.1230075359344482, 'learning_rate': 1.8997050147492625e-05, 'mean_token_accuracy': 0.6707578063011169, 'epoch': 0.15}
{'loss': 0.9419, 'grad_norm': 2.54162859916687, 'learning_rate': 1.8912768647281923e-05, 'mean_token_accuracy': 0.6787657618522644, 'epoch': 0.16}
{'loss': 0.9299, 'grad_norm': 2.4373319149017334, 'learning_rate': 1.882848714707122e-05, 'mean_token_accuracy': 0.6627352893352508, 'epoch': 0.18}
{'loss': 0.9418, 'grad_norm': 3.0336010456085205, 'learning_rate': 1.8744205646860515e-05, 'mean_token_accuracy': 0.6773021697998047, 'epoch': 0.19}
{'loss': 0.9242, 'grad_norm': 3.1452908515930176, 'learning_rate': 1.8659924146649812e-05, 'mean_token_accuracy': 0.682104104757309, 'epoch': 0.2}
{'loss': 0.7692, 'grad_norm': 2.968842029571533, 'learning_rate': 1.8575642646439107e-05, 'mean_token_accuracy': 0.6985764801502228, 'epoch': 0.21}
{'loss': 0.8176, 'grad_norm': 2.666114568710327, 'learning_rate': 1.8491361146228404e-05, 'mean_token_accuracy': 0.6805095732212066, 'epoch': 0.23}
{'loss': 0.8609, 'grad_norm': 3.1112422943115234, 'learning_rate': 1.8407079646017702e-05, 'mean_token_accuracy': 0.6895602762699127, 'epoch': 0.24}
{'loss': 0.9604, 'grad_norm': 3.6263959407806396, 'learning_rate': 1.8322798145806996e-05, 'mean_token_accuracy': 0.6739388108253479, 'epoch': 0.25}
{'loss': 0.8427, 'grad_norm': 2.9799013137817383, 'learning_rate': 1.8238516645596293e-05, 'mean_token_accuracy': 0.699211847782135, 'epoch': 0.27}
{'loss': 0.8667, 'grad_norm': 3.6926536560058594, 'learning_rate': 1.815423514538559e-05, 'mean_token_accuracy': 0.6932731389999389, 'epoch': 0.28}
{'loss': 0.8784, 'grad_norm': 2.6501078605651855, 'learning_rate': 1.8069953645174885e-05, 'mean_token_accuracy': 0.6851667523384094, 'epoch': 0.29}
{'loss': 0.8219, 'grad_norm': 3.205901861190796, 'learning_rate': 1.7985672144964183e-05, 'mean_token_accuracy': 0.6936143100261688, 'epoch': 0.3}
{'loss': 0.8476, 'grad_norm': 2.4683945178985596, 'learning_rate': 1.7901390644753477e-05, 'mean_token_accuracy': 0.679422652721405, 'epoch': 0.32}
{'loss': 0.8122, 'grad_norm': 2.0591235160827637, 'learning_rate': 1.7817109144542775e-05, 'mean_token_accuracy': 0.6945367455482483, 'epoch': 0.33}
{'loss': 0.8943, 'grad_norm': 2.820807933807373, 'learning_rate': 1.7732827644332072e-05, 'mean_token_accuracy': 0.6836575925350189, 'epoch': 0.34}
{'loss': 0.8367, 'grad_norm': 2.4091994762420654, 'learning_rate': 1.7648546144121366e-05, 'mean_token_accuracy': 0.7056582152843476, 'epoch': 0.35}
{'loss': 0.8805, 'grad_norm': 2.507017135620117, 'learning_rate': 1.756426464391066e-05, 'mean_token_accuracy': 0.6902236640453339, 'epoch': 0.37}
{'loss': 0.7945, 'grad_norm': 2.525012493133545, 'learning_rate': 1.7479983143699958e-05, 'mean_token_accuracy': 0.7010306537151336, 'epoch': 0.38}
{'loss': 0.7974, 'grad_norm': 2.5235848426818848, 'learning_rate': 1.7395701643489256e-05, 'mean_token_accuracy': 0.6950745642185211, 'epoch': 0.39}
{'loss': 0.918, 'grad_norm': 4.083126544952393, 'learning_rate': 1.7311420143278553e-05, 'mean_token_accuracy': 0.6934896349906922, 'epoch': 0.4}
{'loss': 0.796, 'grad_norm': 3.0293352603912354, 'learning_rate': 1.7227138643067848e-05, 'mean_token_accuracy': 0.7035772740840912, 'epoch': 0.42}
{'loss': 0.8874, 'grad_norm': 2.400512933731079, 'learning_rate': 1.7142857142857142e-05, 'mean_token_accuracy': 0.6994590938091279, 'epoch': 0.43}
{'loss': 0.8539, 'grad_norm': 2.8422586917877197, 'learning_rate': 1.705857564264644e-05, 'mean_token_accuracy': 0.7056913137435913, 'epoch': 0.44}
{'loss': 0.8032, 'grad_norm': 2.4699203968048096, 'learning_rate': 1.6974294142435737e-05, 'mean_token_accuracy': 0.6947164893150329, 'epoch': 0.46}
{'loss': 0.7887, 'grad_norm': 2.9068477153778076, 'learning_rate': 1.6890012642225035e-05, 'mean_token_accuracy': 0.7062532722949981, 'epoch': 0.47}
{'loss': 0.8516, 'grad_norm': 2.078547477722168, 'learning_rate': 1.680573114201433e-05, 'mean_token_accuracy': 0.7012507259845734, 'epoch': 0.48}
{'loss': 0.8424, 'grad_norm': 2.645932912826538, 'learning_rate': 1.6721449641803626e-05, 'mean_token_accuracy': 0.7050644814968109, 'epoch': 0.49}
{'loss': 0.8247, 'grad_norm': 2.8634681701660156, 'learning_rate': 1.663716814159292e-05, 'mean_token_accuracy': 0.7076928436756134, 'epoch': 0.51}
{'loss': 0.7587, 'grad_norm': 2.995089530944824, 'learning_rate': 1.6552886641382218e-05, 'mean_token_accuracy': 0.729815810918808, 'epoch': 0.52}
{'loss': 0.8341, 'grad_norm': 2.2393276691436768, 'learning_rate': 1.6468605141171516e-05, 'mean_token_accuracy': 0.7160211384296418, 'epoch': 0.53}
{'loss': 0.8109, 'grad_norm': 2.936974287033081, 'learning_rate': 1.638432364096081e-05, 'mean_token_accuracy': 0.6985037684440613, 'epoch': 0.54}
{'loss': 0.8612, 'grad_norm': 3.39119553565979, 'learning_rate': 1.6300042140750108e-05, 'mean_token_accuracy': 0.6978042662143707, 'epoch': 0.56}
{'loss': 0.9143, 'grad_norm': 2.6432650089263916, 'learning_rate': 1.6215760640539402e-05, 'mean_token_accuracy': 0.696075052022934, 'epoch': 0.57}
{'loss': 0.7846, 'grad_norm': 2.065762519836426, 'learning_rate': 1.61314791403287e-05, 'mean_token_accuracy': 0.710393887758255, 'epoch': 0.58}
{'loss': 0.8013, 'grad_norm': 2.9921717643737793, 'learning_rate': 1.6047197640117994e-05, 'mean_token_accuracy': 0.7148219287395478, 'epoch': 0.59}
{'loss': 0.8041, 'grad_norm': 2.7409422397613525, 'learning_rate': 1.596291613990729e-05, 'mean_token_accuracy': 0.7167741239070893, 'epoch': 0.61}
{'loss': 0.7342, 'grad_norm': 2.4803264141082764, 'learning_rate': 1.587863463969659e-05, 'mean_token_accuracy': 0.7269368231296539, 'epoch': 0.62}
{'loss': 0.8459, 'grad_norm': 2.254044532775879, 'learning_rate': 1.5794353139485886e-05, 'mean_token_accuracy': 0.7197296857833863, 'epoch': 0.63}
{'loss': 0.8123, 'grad_norm': 2.472215175628662, 'learning_rate': 1.571007163927518e-05, 'mean_token_accuracy': 0.705961948633194, 'epoch': 0.64}
{'loss': 0.7703, 'grad_norm': 2.530702829360962, 'learning_rate': 1.5625790139064475e-05, 'mean_token_accuracy': 0.7202207267284393, 'epoch': 0.66}
{'loss': 0.7948, 'grad_norm': 2.4797825813293457, 'learning_rate': 1.5541508638853772e-05, 'mean_token_accuracy': 0.7116956830024719, 'epoch': 0.67}
{'loss': 0.7325, 'grad_norm': 2.6378040313720703, 'learning_rate': 1.545722713864307e-05, 'mean_token_accuracy': 0.7287413895130157, 'epoch': 0.68}
{'loss': 0.7623, 'grad_norm': 2.212214231491089, 'learning_rate': 1.5372945638432368e-05, 'mean_token_accuracy': 0.7253070890903472, 'epoch': 0.7}
{'loss': 0.7812, 'grad_norm': 2.368187427520752, 'learning_rate': 1.5288664138221662e-05, 'mean_token_accuracy': 0.7335343420505523, 'epoch': 0.71}
{'loss': 0.7437, 'grad_norm': 2.876678705215454, 'learning_rate': 1.5204382638010958e-05, 'mean_token_accuracy': 0.7248683273792267, 'epoch': 0.72}
{'loss': 0.6822, 'grad_norm': 3.318824291229248, 'learning_rate': 1.5120101137800254e-05, 'mean_token_accuracy': 0.7343735098838806, 'epoch': 0.73}
{'loss': 0.7463, 'grad_norm': 2.1505110263824463, 'learning_rate': 1.5035819637589551e-05, 'mean_token_accuracy': 0.7387931942939758, 'epoch': 0.75}
{'loss': 0.7731, 'grad_norm': 2.6709258556365967, 'learning_rate': 1.4951538137378847e-05, 'mean_token_accuracy': 0.7284427225589752, 'epoch': 0.76}
{'loss': 0.8044, 'grad_norm': 2.250568389892578, 'learning_rate': 1.4867256637168143e-05, 'mean_token_accuracy': 0.7326892375946045, 'epoch': 0.77}
{'loss': 0.7772, 'grad_norm': 2.31011962890625, 'learning_rate': 1.4782975136957439e-05, 'mean_token_accuracy': 0.7313192129135132, 'epoch': 0.78}
{'loss': 0.6995, 'grad_norm': 2.2896692752838135, 'learning_rate': 1.4698693636746735e-05, 'mean_token_accuracy': 0.7359057128429413, 'epoch': 0.8}
{'loss': 0.7726, 'grad_norm': 3.2994790077209473, 'learning_rate': 1.461441213653603e-05, 'mean_token_accuracy': 0.7325681388378144, 'epoch': 0.81}
{'loss': 0.6985, 'grad_norm': 2.5372540950775146, 'learning_rate': 1.4530130636325328e-05, 'mean_token_accuracy': 0.7535061180591583, 'epoch': 0.82}
{'loss': 0.8064, 'grad_norm': 2.789374351501465, 'learning_rate': 1.4445849136114624e-05, 'mean_token_accuracy': 0.7151617348194123, 'epoch': 0.83}
{'loss': 0.8243, 'grad_norm': 3.1556789875030518, 'learning_rate': 1.4361567635903922e-05, 'mean_token_accuracy': 0.7131860613822937, 'epoch': 0.85}
{'loss': 0.7057, 'grad_norm': 3.4207520484924316, 'learning_rate': 1.4277286135693216e-05, 'mean_token_accuracy': 0.7419788181781769, 'epoch': 0.86}
{'loss': 0.7778, 'grad_norm': 2.2666399478912354, 'learning_rate': 1.4193004635482512e-05, 'mean_token_accuracy': 0.7287851333618164, 'epoch': 0.87}
{'loss': 0.6856, 'grad_norm': 2.528245210647583, 'learning_rate': 1.410872313527181e-05, 'mean_token_accuracy': 0.7523873746395111, 'epoch': 0.88}
{'loss': 0.6923, 'grad_norm': 2.6582858562469482, 'learning_rate': 1.4024441635061105e-05, 'mean_token_accuracy': 0.7372250556945801, 'epoch': 0.9}
{'loss': 0.7222, 'grad_norm': 3.449338436126709, 'learning_rate': 1.3940160134850403e-05, 'mean_token_accuracy': 0.7572396874427796, 'epoch': 0.91}
{'loss': 0.629, 'grad_norm': 4.638322353363037, 'learning_rate': 1.3855878634639697e-05, 'mean_token_accuracy': 0.7441303431987762, 'epoch': 0.92}
{'loss': 0.759, 'grad_norm': 2.8344836235046387, 'learning_rate': 1.3771597134428993e-05, 'mean_token_accuracy': 0.7271590173244477, 'epoch': 0.94}
{'loss': 0.6284, 'grad_norm': 2.8971643447875977, 'learning_rate': 1.368731563421829e-05, 'mean_token_accuracy': 0.7546458601951599, 'epoch': 0.95}
{'loss': 0.7151, 'grad_norm': 3.9765307903289795, 'learning_rate': 1.3603034134007586e-05, 'mean_token_accuracy': 0.7438760578632355, 'epoch': 0.96}
{'loss': 0.6489, 'grad_norm': 3.4404990673065186, 'learning_rate': 1.3518752633796884e-05, 'mean_token_accuracy': 0.7573787808418274, 'epoch': 0.97}
{'loss': 0.7075, 'grad_norm': 2.9002490043640137, 'learning_rate': 1.343447113358618e-05, 'mean_token_accuracy': 0.7467093229293823, 'epoch': 0.99}
{'loss': 0.7125, 'grad_norm': 2.566291093826294, 'learning_rate': 1.3350189633375474e-05, 'mean_token_accuracy': 0.7497141420841217, 'epoch': 1.0}
{'loss': 0.6813, 'grad_norm': 2.783355951309204, 'learning_rate': 1.3265908133164772e-05, 'mean_token_accuracy': 0.759603613615036, 'epoch': 1.01}
{'loss': 0.661, 'grad_norm': 2.7317023277282715, 'learning_rate': 1.3181626632954068e-05, 'mean_token_accuracy': 0.7599998474121094, 'epoch': 1.02}
{'loss': 0.6367, 'grad_norm': 2.788679599761963, 'learning_rate': 1.3097345132743363e-05, 'mean_token_accuracy': 0.763430142402649, 'epoch': 1.04}
{'loss': 0.562, 'grad_norm': 2.47434401512146, 'learning_rate': 1.3013063632532661e-05, 'mean_token_accuracy': 0.7733939945697784, 'epoch': 1.05}
{'loss': 0.6381, 'grad_norm': 2.678757905960083, 'learning_rate': 1.2928782132321955e-05, 'mean_token_accuracy': 0.7848794639110566, 'epoch': 1.06}
{'loss': 0.6377, 'grad_norm': 3.0734751224517822, 'learning_rate': 1.2844500632111251e-05, 'mean_token_accuracy': 0.7553784191608429, 'epoch': 1.07}
{'loss': 0.6367, 'grad_norm': 3.1723105907440186, 'learning_rate': 1.2760219131900549e-05, 'mean_token_accuracy': 0.7690764784812927, 'epoch': 1.09}
{'loss': 0.6836, 'grad_norm': 2.387235403060913, 'learning_rate': 1.2675937631689845e-05, 'mean_token_accuracy': 0.7620476961135865, 'epoch': 1.1}
{'loss': 0.6373, 'grad_norm': 2.6178596019744873, 'learning_rate': 1.2591656131479142e-05, 'mean_token_accuracy': 0.759323251247406, 'epoch': 1.11}
{'loss': 0.6889, 'grad_norm': 3.0889272689819336, 'learning_rate': 1.2507374631268438e-05, 'mean_token_accuracy': 0.7552041888237, 'epoch': 1.13}
{'loss': 0.62, 'grad_norm': 2.9053990840911865, 'learning_rate': 1.2423093131057732e-05, 'mean_token_accuracy': 0.7663222312927246, 'epoch': 1.14}
{'loss': 0.6107, 'grad_norm': 3.1315269470214844, 'learning_rate': 1.233881163084703e-05, 'mean_token_accuracy': 0.781043416261673, 'epoch': 1.15}
{'loss': 0.6761, 'grad_norm': 2.7549221515655518, 'learning_rate': 1.2254530130636326e-05, 'mean_token_accuracy': 0.7715589284896851, 'epoch': 1.16}
{'loss': 0.6384, 'grad_norm': 2.500319004058838, 'learning_rate': 1.2170248630425623e-05, 'mean_token_accuracy': 0.7718871295452118, 'epoch': 1.18}
{'loss': 0.631, 'grad_norm': 2.7964422702789307, 'learning_rate': 1.208596713021492e-05, 'mean_token_accuracy': 0.7697845458984375, 'epoch': 1.19}
{'loss': 0.6624, 'grad_norm': 2.878498077392578, 'learning_rate': 1.2001685630004217e-05, 'mean_token_accuracy': 0.7539076566696167, 'epoch': 1.2}
{'loss': 0.6266, 'grad_norm': 2.8852732181549072, 'learning_rate': 1.1917404129793511e-05, 'mean_token_accuracy': 0.7660635828971862, 'epoch': 1.21}
{'loss': 0.5598, 'grad_norm': 2.957197904586792, 'learning_rate': 1.1833122629582807e-05, 'mean_token_accuracy': 0.7690901160240173, 'epoch': 1.23}
{'loss': 0.6174, 'grad_norm': 2.8450090885162354, 'learning_rate': 1.1748841129372105e-05, 'mean_token_accuracy': 0.7563356518745422, 'epoch': 1.24}
{'loss': 0.6247, 'grad_norm': 3.1467931270599365, 'learning_rate': 1.16645596291614e-05, 'mean_token_accuracy': 0.7787702739238739, 'epoch': 1.25}
{'loss': 0.5919, 'grad_norm': 3.6594808101654053, 'learning_rate': 1.1580278128950696e-05, 'mean_token_accuracy': 0.7795495867729187, 'epoch': 1.26}
{'loss': 0.6688, 'grad_norm': 2.6688461303710938, 'learning_rate': 1.1495996628739992e-05, 'mean_token_accuracy': 0.7650075495243073, 'epoch': 1.28}
{'loss': 0.695, 'grad_norm': 3.2534515857696533, 'learning_rate': 1.1411715128529288e-05, 'mean_token_accuracy': 0.7637926816940308, 'epoch': 1.29}
{'loss': 0.6528, 'grad_norm': 2.9973409175872803, 'learning_rate': 1.1327433628318584e-05, 'mean_token_accuracy': 0.76112602353096, 'epoch': 1.3}
{'loss': 0.6206, 'grad_norm': 3.202646493911743, 'learning_rate': 1.1243152128107882e-05, 'mean_token_accuracy': 0.7630924224853516, 'epoch': 1.31}
{'loss': 0.6062, 'grad_norm': 2.6599936485290527, 'learning_rate': 1.1158870627897178e-05, 'mean_token_accuracy': 0.7751508712768554, 'epoch': 1.33}
{'loss': 0.5424, 'grad_norm': 3.2475342750549316, 'learning_rate': 1.1074589127686475e-05, 'mean_token_accuracy': 0.7926574587821961, 'epoch': 1.34}
{'loss': 0.5169, 'grad_norm': 2.99771785736084, 'learning_rate': 1.099030762747577e-05, 'mean_token_accuracy': 0.7993672966957093, 'epoch': 1.35}
{'loss': 0.6144, 'grad_norm': 2.0699408054351807, 'learning_rate': 1.0906026127265065e-05, 'mean_token_accuracy': 0.7792566299438477, 'epoch': 1.37}
{'loss': 0.6055, 'grad_norm': 3.0163190364837646, 'learning_rate': 1.0821744627054363e-05, 'mean_token_accuracy': 0.7792754948139191, 'epoch': 1.38}
{'loss': 0.6192, 'grad_norm': 2.7876970767974854, 'learning_rate': 1.0737463126843659e-05, 'mean_token_accuracy': 0.7678602159023284, 'epoch': 1.39}
{'loss': 0.5281, 'grad_norm': 2.5919125080108643, 'learning_rate': 1.0653181626632956e-05, 'mean_token_accuracy': 0.8018543064594269, 'epoch': 1.4}
{'loss': 0.5707, 'grad_norm': 4.1529436111450195, 'learning_rate': 1.056890012642225e-05, 'mean_token_accuracy': 0.7834937810897827, 'epoch': 1.42}
{'loss': 0.6163, 'grad_norm': 2.3201546669006348, 'learning_rate': 1.0484618626211546e-05, 'mean_token_accuracy': 0.7792892992496491, 'epoch': 1.43}
{'loss': 0.6371, 'grad_norm': 2.916545867919922, 'learning_rate': 1.0400337126000844e-05, 'mean_token_accuracy': 0.7718245029449463, 'epoch': 1.44}
{'loss': 0.5829, 'grad_norm': 2.967987537384033, 'learning_rate': 1.031605562579014e-05, 'mean_token_accuracy': 0.7901020169258117, 'epoch': 1.45}
{'loss': 0.5922, 'grad_norm': 2.9214699268341064, 'learning_rate': 1.0231774125579438e-05, 'mean_token_accuracy': 0.7838986098766327, 'epoch': 1.47}
{'loss': 0.686, 'grad_norm': 3.173511028289795, 'learning_rate': 1.0147492625368733e-05, 'mean_token_accuracy': 0.7719616591930389, 'epoch': 1.48}
{'loss': 0.5544, 'grad_norm': 2.823880910873413, 'learning_rate': 1.0063211125158028e-05, 'mean_token_accuracy': 0.8071038126945496, 'epoch': 1.49}
{'loss': 0.5921, 'grad_norm': 4.429035186767578, 'learning_rate': 9.978929624947325e-06, 'mean_token_accuracy': 0.7937757015228272, 'epoch': 1.5}
{'loss': 0.5406, 'grad_norm': 2.9278972148895264, 'learning_rate': 9.894648124736621e-06, 'mean_token_accuracy': 0.799403291940689, 'epoch': 1.52}
{'loss': 0.5776, 'grad_norm': 2.7350375652313232, 'learning_rate': 9.810366624525917e-06, 'mean_token_accuracy': 0.783047330379486, 'epoch': 1.53}
{'loss': 0.5822, 'grad_norm': 3.275233030319214, 'learning_rate': 9.726085124315213e-06, 'mean_token_accuracy': 0.7821332693099976, 'epoch': 1.54}
{'loss': 0.5815, 'grad_norm': 5.088541507720947, 'learning_rate': 9.64180362410451e-06, 'mean_token_accuracy': 0.7686591625213623, 'epoch': 1.55}
{'loss': 0.5172, 'grad_norm': 2.8114523887634277, 'learning_rate': 9.557522123893806e-06, 'mean_token_accuracy': 0.7968746602535248, 'epoch': 1.57}
{'loss': 0.564, 'grad_norm': 3.1568830013275146, 'learning_rate': 9.473240623683102e-06, 'mean_token_accuracy': 0.7797648668289184, 'epoch': 1.58}
{'loss': 0.5063, 'grad_norm': 4.081916809082031, 'learning_rate': 9.388959123472398e-06, 'mean_token_accuracy': 0.8010449826717376, 'epoch': 1.59}
{'loss': 0.501, 'grad_norm': 3.2335665225982666, 'learning_rate': 9.304677623261696e-06, 'mean_token_accuracy': 0.8041730165481568, 'epoch': 1.61}
{'loss': 0.5338, 'grad_norm': 3.1797780990600586, 'learning_rate': 9.220396123050992e-06, 'mean_token_accuracy': 0.7887549221515655, 'epoch': 1.62}
{'loss': 0.5863, 'grad_norm': 3.9831342697143555, 'learning_rate': 9.136114622840288e-06, 'mean_token_accuracy': 0.807152247428894, 'epoch': 1.63}
{'loss': 0.5982, 'grad_norm': 2.9900741577148438, 'learning_rate': 9.051833122629583e-06, 'mean_token_accuracy': 0.7925374209880829, 'epoch': 1.64}
{'loss': 0.5288, 'grad_norm': 3.2677321434020996, 'learning_rate': 8.96755162241888e-06, 'mean_token_accuracy': 0.7960683166980743, 'epoch': 1.66}
{'loss': 0.5206, 'grad_norm': 3.602102279663086, 'learning_rate': 8.883270122208177e-06, 'mean_token_accuracy': 0.8049352586269378, 'epoch': 1.67}
{'loss': 0.5593, 'grad_norm': 2.8994972705841064, 'learning_rate': 8.798988621997471e-06, 'mean_token_accuracy': 0.7963599026203155, 'epoch': 1.68}
{'loss': 0.5746, 'grad_norm': 2.9033007621765137, 'learning_rate': 8.714707121786769e-06, 'mean_token_accuracy': 0.7917240023612976, 'epoch': 1.69}
{'loss': 0.5275, 'grad_norm': 2.8744149208068848, 'learning_rate': 8.630425621576065e-06, 'mean_token_accuracy': 0.825401347875595, 'epoch': 1.71}
{'loss': 0.5449, 'grad_norm': 3.5604028701782227, 'learning_rate': 8.54614412136536e-06, 'mean_token_accuracy': 0.7988072156906127, 'epoch': 1.72}
{'loss': 0.5869, 'grad_norm': 3.1620821952819824, 'learning_rate': 8.461862621154658e-06, 'mean_token_accuracy': 0.8058817386627197, 'epoch': 1.73}
{'loss': 0.429, 'grad_norm': 3.703472375869751, 'learning_rate': 8.377581120943954e-06, 'mean_token_accuracy': 0.828731256723404, 'epoch': 1.74}
{'loss': 0.5059, 'grad_norm': 3.217362403869629, 'learning_rate': 8.29329962073325e-06, 'mean_token_accuracy': 0.8123865962028504, 'epoch': 1.76}
{'loss': 0.5709, 'grad_norm': 3.25707745552063, 'learning_rate': 8.209018120522546e-06, 'mean_token_accuracy': 0.8009643316268921, 'epoch': 1.77}
{'loss': 0.5945, 'grad_norm': 2.9193930625915527, 'learning_rate': 8.124736620311843e-06, 'mean_token_accuracy': 0.7984917819499969, 'epoch': 1.78}
{'loss': 0.5259, 'grad_norm': 3.293220043182373, 'learning_rate': 8.040455120101138e-06, 'mean_token_accuracy': 0.8122100234031677, 'epoch': 1.8}
{'loss': 0.5276, 'grad_norm': 4.019295692443848, 'learning_rate': 7.956173619890435e-06, 'mean_token_accuracy': 0.808367645740509, 'epoch': 1.81}
{'loss': 0.5474, 'grad_norm': 2.8658175468444824, 'learning_rate': 7.871892119679731e-06, 'mean_token_accuracy': 0.8004410266876221, 'epoch': 1.82}
{'loss': 0.5168, 'grad_norm': 3.366727352142334, 'learning_rate': 7.787610619469027e-06, 'mean_token_accuracy': 0.8018554747104645, 'epoch': 1.83}
{'loss': 0.5384, 'grad_norm': 2.9521210193634033, 'learning_rate': 7.703329119258323e-06, 'mean_token_accuracy': 0.8010844826698303, 'epoch': 1.85}
{'loss': 0.4969, 'grad_norm': 3.604600191116333, 'learning_rate': 7.61904761904762e-06, 'mean_token_accuracy': 0.8132966697216034, 'epoch': 1.86}
{'loss': 0.5164, 'grad_norm': 4.242440223693848, 'learning_rate': 7.5347661188369155e-06, 'mean_token_accuracy': 0.8073359251022338, 'epoch': 1.87}
{'loss': 0.5443, 'grad_norm': 2.7502779960632324, 'learning_rate': 7.450484618626212e-06, 'mean_token_accuracy': 0.7942617297172546, 'epoch': 1.88}
{'loss': 0.5139, 'grad_norm': 2.4995229244232178, 'learning_rate': 7.366203118415508e-06, 'mean_token_accuracy': 0.8043396890163421, 'epoch': 1.9}
{'loss': 0.4855, 'grad_norm': 3.9031007289886475, 'learning_rate': 7.281921618204805e-06, 'mean_token_accuracy': 0.8071721494197845, 'epoch': 1.91}
{'loss': 0.4956, 'grad_norm': 2.863917589187622, 'learning_rate': 7.197640117994102e-06, 'mean_token_accuracy': 0.8278551518917083, 'epoch': 1.92}
{'loss': 0.5356, 'grad_norm': 3.2153656482696533, 'learning_rate': 7.113358617783397e-06, 'mean_token_accuracy': 0.7969814419746399, 'epoch': 1.93}
{'loss': 0.503, 'grad_norm': 4.029481887817383, 'learning_rate': 7.0290771175726934e-06, 'mean_token_accuracy': 0.799458384513855, 'epoch': 1.95}
{'loss': 0.4597, 'grad_norm': 2.9498841762542725, 'learning_rate': 6.94479561736199e-06, 'mean_token_accuracy': 0.8247197926044464, 'epoch': 1.96}
{'loss': 0.466, 'grad_norm': 5.195451259613037, 'learning_rate': 6.860514117151286e-06, 'mean_token_accuracy': 0.8255022823810577, 'epoch': 1.97}
{'loss': 0.5275, 'grad_norm': 4.243273735046387, 'learning_rate': 6.776232616940582e-06, 'mean_token_accuracy': 0.8008230686187744, 'epoch': 1.98}
{'loss': 0.451, 'grad_norm': 4.215840816497803, 'learning_rate': 6.691951116729878e-06, 'mean_token_accuracy': 0.8193407118320465, 'epoch': 2.0}
{'loss': 0.4869, 'grad_norm': 2.2939047813415527, 'learning_rate': 6.607669616519175e-06, 'mean_token_accuracy': 0.8219544112682342, 'epoch': 2.01}
{'loss': 0.4589, 'grad_norm': 2.634836196899414, 'learning_rate': 6.523388116308471e-06, 'mean_token_accuracy': 0.8264971733093261, 'epoch': 2.02}
{'loss': 0.4213, 'grad_norm': 3.5902068614959717, 'learning_rate': 6.439106616097766e-06, 'mean_token_accuracy': 0.831721156835556, 'epoch': 2.04}
{'loss': 0.459, 'grad_norm': 4.15443229675293, 'learning_rate': 6.354825115887063e-06, 'mean_token_accuracy': 0.8219152987003326, 'epoch': 2.05}
{'loss': 0.4289, 'grad_norm': 2.7892324924468994, 'learning_rate': 6.27054361567636e-06, 'mean_token_accuracy': 0.8298380374908447, 'epoch': 2.06}
{'loss': 0.4638, 'grad_norm': 4.624466896057129, 'learning_rate': 6.186262115465656e-06, 'mean_token_accuracy': 0.8296321988105774, 'epoch': 2.07}
{'loss': 0.4569, 'grad_norm': 3.458142042160034, 'learning_rate': 6.101980615254952e-06, 'mean_token_accuracy': 0.8369979918003082, 'epoch': 2.09}
{'loss': 0.4205, 'grad_norm': 6.386507511138916, 'learning_rate': 6.0176991150442484e-06, 'mean_token_accuracy': 0.8394497096538543, 'epoch': 2.1}
{'loss': 0.3954, 'grad_norm': 2.135091781616211, 'learning_rate': 5.933417614833544e-06, 'mean_token_accuracy': 0.8471199572086334, 'epoch': 2.11}
{'loss': 0.448, 'grad_norm': 5.268465042114258, 'learning_rate': 5.849136114622841e-06, 'mean_token_accuracy': 0.832471740245819, 'epoch': 2.12}
{'loss': 0.5068, 'grad_norm': 3.383716583251953, 'learning_rate': 5.764854614412138e-06, 'mean_token_accuracy': 0.8303543150424957, 'epoch': 2.14}
{'loss': 0.3759, 'grad_norm': 2.7276735305786133, 'learning_rate': 5.680573114201433e-06, 'mean_token_accuracy': 0.8619410932064057, 'epoch': 2.15}
{'loss': 0.4462, 'grad_norm': 3.023219347000122, 'learning_rate': 5.59629161399073e-06, 'mean_token_accuracy': 0.8340257823467254, 'epoch': 2.16}
{'loss': 0.4653, 'grad_norm': 3.492875576019287, 'learning_rate': 5.5120101137800255e-06, 'mean_token_accuracy': 0.8249594569206238, 'epoch': 2.17}
{'loss': 0.48, 'grad_norm': 3.389545202255249, 'learning_rate': 5.427728613569322e-06, 'mean_token_accuracy': 0.8228128910064697, 'epoch': 2.19}
{'loss': 0.5084, 'grad_norm': 4.439926624298096, 'learning_rate': 5.343447113358618e-06, 'mean_token_accuracy': 0.8209836423397064, 'epoch': 2.2}
{'loss': 0.4405, 'grad_norm': 2.824216365814209, 'learning_rate': 5.259165613147914e-06, 'mean_token_accuracy': 0.8495414316654205, 'epoch': 2.21}
{'loss': 0.4596, 'grad_norm': 3.8089346885681152, 'learning_rate': 5.174884112937211e-06, 'mean_token_accuracy': 0.8332828223705292, 'epoch': 2.23}
{'loss': 0.4333, 'grad_norm': 3.2753028869628906, 'learning_rate': 5.0906026127265075e-06, 'mean_token_accuracy': 0.836674964427948, 'epoch': 2.24}
{'loss': 0.3908, 'grad_norm': 2.744563341140747, 'learning_rate': 5.006321112515803e-06, 'mean_token_accuracy': 0.8405515611171722, 'epoch': 2.25}
{'loss': 0.428, 'grad_norm': 3.5451791286468506, 'learning_rate': 4.922039612305099e-06, 'mean_token_accuracy': 0.8475858628749847, 'epoch': 2.26}
{'loss': 0.4703, 'grad_norm': 2.6190526485443115, 'learning_rate': 4.837758112094395e-06, 'mean_token_accuracy': 0.8230643153190613, 'epoch': 2.28}
  File "/mnt/petrelfs/majiachen/miniconda3/envs/v-oocr/lib/python3.10/site-packages/torch/serialization.py", line 850, in save
    _save(
  File "/mnt/petrelfs/majiachen/miniconda3/envs/v-oocr/lib/python3.10/site-packages/torch/serialization.py", line 1114, in _save
    zip_file.write_record(name, storage, num_bytes)
RuntimeError: [enforce fail at inline_container.cc:778] . PytorchStreamWriter failed writing file data/0: file write failed

During handling of the above exception, another exception occurred:

Traceback (most recent call last):
  File "/mnt/petrelfs/majiachen/project/mllm-safety-cot/src/sft_vlm_cot_.py", line 329, in <module>
    trainer.train()
  File "/mnt/petrelfs/majiachen/miniconda3/envs/v-oocr/lib/python3.10/site-packages/transformers/trainer.py", line 2245, in train
    return inner_training_loop(
  File "/mnt/petrelfs/majiachen/miniconda3/envs/v-oocr/lib/python3.10/site-packages/transformers/trainer.py", line 2627, in _inner_training_loop
    self._maybe_log_save_evaluate(
  File "/mnt/petrelfs/majiachen/miniconda3/envs/v-oocr/lib/python3.10/site-packages/transformers/trainer.py", line 3103, in _maybe_log_save_evaluate
    self._save_checkpoint(model, trial)
  File "/mnt/petrelfs/majiachen/miniconda3/envs/v-oocr/lib/python3.10/site-packages/transformers/trainer.py", line 3211, in _save_checkpoint
    self._save_optimizer_and_scheduler(output_dir)
  File "/mnt/petrelfs/majiachen/miniconda3/envs/v-oocr/lib/python3.10/site-packages/transformers/trainer.py", line 3328, in _save_optimizer_and_scheduler
    self.model_wrapped.save_checkpoint(output_dir)
  File "/mnt/petrelfs/majiachen/miniconda3/envs/v-oocr/lib/python3.10/site-packages/deepspeed/runtime/engine.py", line 3199, in save_checkpoint
    self._save_checkpoint(save_dir,
  File "/mnt/petrelfs/majiachen/miniconda3/envs/v-oocr/lib/python3.10/site-packages/deepspeed/runtime/engine.py", line 3421, in _save_checkpoint
    self.checkpoint_engine.save(state, save_path)
  File "/mnt/petrelfs/majiachen/miniconda3/envs/v-oocr/lib/python3.10/site-packages/deepspeed/runtime/checkpoint_engine/torch_checkpoint_engine.py", line 22, in save
    torch.save(state_dict, path)
  File "/mnt/petrelfs/majiachen/miniconda3/envs/v-oocr/lib/python3.10/site-packages/torch/serialization.py", line 849, in save
    with _open_zipfile_writer(f) as opened_zipfile:
  File "/mnt/petrelfs/majiachen/miniconda3/envs/v-oocr/lib/python3.10/site-packages/torch/serialization.py", line 690, in __exit__
    self.file_like.write_end_of_file()
RuntimeError: [enforce fail at inline_container.cc:603] . unexpected pos 202048 vs 201942
[rank0]: Traceback (most recent call last):
[rank0]:   File "/mnt/petrelfs/majiachen/miniconda3/envs/v-oocr/lib/python3.10/site-packages/torch/serialization.py", line 850, in save
[rank0]:     _save(
[rank0]:   File "/mnt/petrelfs/majiachen/miniconda3/envs/v-oocr/lib/python3.10/site-packages/torch/serialization.py", line 1114, in _save
[rank0]:     zip_file.write_record(name, storage, num_bytes)
[rank0]: RuntimeError: [enforce fail at inline_container.cc:778] . PytorchStreamWriter failed writing file data/0: file write failed

[rank0]: During handling of the above exception, another exception occurred:

[rank0]: Traceback (most recent call last):
[rank0]:   File "/mnt/petrelfs/majiachen/project/mllm-safety-cot/src/sft_vlm_cot_.py", line 329, in <module>
[rank0]:     trainer.train()
[rank0]:   File "/mnt/petrelfs/majiachen/miniconda3/envs/v-oocr/lib/python3.10/site-packages/transformers/trainer.py", line 2245, in train
[rank0]:     return inner_training_loop(
[rank0]:   File "/mnt/petrelfs/majiachen/miniconda3/envs/v-oocr/lib/python3.10/site-packages/transformers/trainer.py", line 2627, in _inner_training_loop
[rank0]:     self._maybe_log_save_evaluate(
[rank0]:   File "/mnt/petrelfs/majiachen/miniconda3/envs/v-oocr/lib/python3.10/site-packages/transformers/trainer.py", line 3103, in _maybe_log_save_evaluate
[rank0]:     self._save_checkpoint(model, trial)
[rank0]:   File "/mnt/petrelfs/majiachen/miniconda3/envs/v-oocr/lib/python3.10/site-packages/transformers/trainer.py", line 3211, in _save_checkpoint
[rank0]:     self._save_optimizer_and_scheduler(output_dir)
[rank0]:   File "/mnt/petrelfs/majiachen/miniconda3/envs/v-oocr/lib/python3.10/site-packages/transformers/trainer.py", line 3328, in _save_optimizer_and_scheduler
[rank0]:     self.model_wrapped.save_checkpoint(output_dir)
[rank0]:   File "/mnt/petrelfs/majiachen/miniconda3/envs/v-oocr/lib/python3.10/site-packages/deepspeed/runtime/engine.py", line 3199, in save_checkpoint
[rank0]:     self._save_checkpoint(save_dir,
[rank0]:   File "/mnt/petrelfs/majiachen/miniconda3/envs/v-oocr/lib/python3.10/site-packages/deepspeed/runtime/engine.py", line 3421, in _save_checkpoint
[rank0]:     self.checkpoint_engine.save(state, save_path)
[rank0]:   File "/mnt/petrelfs/majiachen/miniconda3/envs/v-oocr/lib/python3.10/site-packages/deepspeed/runtime/checkpoint_engine/torch_checkpoint_engine.py", line 22, in save
[rank0]:     torch.save(state_dict, path)
[rank0]:   File "/mnt/petrelfs/majiachen/miniconda3/envs/v-oocr/lib/python3.10/site-packages/torch/serialization.py", line 849, in save
[rank0]:     with _open_zipfile_writer(f) as opened_zipfile:
[rank0]:   File "/mnt/petrelfs/majiachen/miniconda3/envs/v-oocr/lib/python3.10/site-packages/torch/serialization.py", line 690, in __exit__
[rank0]:     self.file_like.write_end_of_file()
[rank0]: RuntimeError: [enforce fail at inline_container.cc:603] . unexpected pos 202048 vs 201942
